==66760== Memcheck, a memory error detector
==66760== Copyright (C) 2002-2017, and GNU GPL'd, by Julian Seward et al.
==66760== Using Valgrind-3.15.0 and LibVEX; rerun with -h for copyright info
==66760== Command: ./test
==66760== 
==66760== 
==66760== HEAP SUMMARY:
==66760==     in use at exit: 128 bytes in 4 blocks
==66760==   total heap usage: 1,364 allocs, 1,360 frees, 160,235 bytes allocated
==66760== 
==66760== 64 (32 direct, 32 indirect) bytes in 1 blocks are definitely lost in loss record 3 of 4
==66760==    at 0x483BE63: operator new(unsigned long) (in /usr/lib/x86_64-linux-gnu/valgrind/vgpreload_memcheck-amd64-linux.so)
==66760==    by 0x11B8FA: Conjunto<int>::insertar(int const&) (in /home/algo2/algo2/algobot/algobot/2022-c2/repos/411_18/taller2/correcciones/2022-11-28/test)
==66760==    by 0x1185E5: conjunto_test_test_remover_caso_dos_hijos_doble_Test::TestBody() (in /home/algo2/algo2/algobot/algobot/2022-c2/repos/411_18/taller2/correcciones/2022-11-28/test)
==66760==    by 0x14D3B0: HandleSehExceptionsInMethodIfSupported<testing::Test, void> (gtest.cc:2433)
==66760==    by 0x14D3B0: void testing::internal::HandleExceptionsInMethodIfSupported<testing::Test, void>(testing::Test*, void (testing::Test::*)(), char const*) (gtest.cc:2469)
==66760==    by 0x140705: Run (gtest.cc:2508)
==66760==    by 0x140705: testing::Test::Run() (gtest.cc:2498)
==66760==    by 0x140864: Run (gtest.cc:2684)
==66760==    by 0x140864: testing::TestInfo::Run() (gtest.cc:2657)
==66760==    by 0x14094C: Run (gtest.cc:2816)
==66760==    by 0x14094C: testing::TestSuite::Run() (gtest.cc:2795)
==66760==    by 0x140E6B: testing::internal::UnitTestImpl::RunAllTests() (gtest.cc:5338)
==66760==    by 0x14D920: HandleSehExceptionsInMethodIfSupported<testing::internal::UnitTestImpl, bool> (gtest.cc:2433)
==66760==    by 0x14D920: bool testing::internal::HandleExceptionsInMethodIfSupported<testing::internal::UnitTestImpl, bool>(testing::internal::UnitTestImpl*, bool (testing::internal::UnitTestImpl::*)(), char const*) (gtest.cc:2469)
==66760==    by 0x14109B: testing::UnitTest::Run() (gtest.cc:4925)
==66760==    by 0x116CA3: main (in /home/algo2/algo2/algobot/algobot/2022-c2/repos/411_18/taller2/correcciones/2022-11-28/test)
==66760== 
==66760== 64 (32 direct, 32 indirect) bytes in 1 blocks are definitely lost in loss record 4 of 4
==66760==    at 0x483BE63: operator new(unsigned long) (in /usr/lib/x86_64-linux-gnu/valgrind/vgpreload_memcheck-amd64-linux.so)
==66760==    by 0x11B8FA: Conjunto<int>::insertar(int const&) (in /home/algo2/algo2/algobot/algobot/2022-c2/repos/411_18/taller2/correcciones/2022-11-28/test)
==66760==    by 0x11885D: conjunto_test_test_siguiente_inorder_Test::TestBody() (in /home/algo2/algo2/algobot/algobot/2022-c2/repos/411_18/taller2/correcciones/2022-11-28/test)
==66760==    by 0x14D3B0: HandleSehExceptionsInMethodIfSupported<testing::Test, void> (gtest.cc:2433)
==66760==    by 0x14D3B0: void testing::internal::HandleExceptionsInMethodIfSupported<testing::Test, void>(testing::Test*, void (testing::Test::*)(), char const*) (gtest.cc:2469)
==66760==    by 0x140705: Run (gtest.cc:2508)
==66760==    by 0x140705: testing::Test::Run() (gtest.cc:2498)
==66760==    by 0x140864: Run (gtest.cc:2684)
==66760==    by 0x140864: testing::TestInfo::Run() (gtest.cc:2657)
==66760==    by 0x14094C: Run (gtest.cc:2816)
==66760==    by 0x14094C: testing::TestSuite::Run() (gtest.cc:2795)
==66760==    by 0x140E6B: testing::internal::UnitTestImpl::RunAllTests() (gtest.cc:5338)
==66760==    by 0x14D920: HandleSehExceptionsInMethodIfSupported<testing::internal::UnitTestImpl, bool> (gtest.cc:2433)
==66760==    by 0x14D920: bool testing::internal::HandleExceptionsInMethodIfSupported<testing::internal::UnitTestImpl, bool>(testing::internal::UnitTestImpl*, bool (testing::internal::UnitTestImpl::*)(), char const*) (gtest.cc:2469)
==66760==    by 0x14109B: testing::UnitTest::Run() (gtest.cc:4925)
==66760==    by 0x116CA3: main (in /home/algo2/algo2/algobot/algobot/2022-c2/repos/411_18/taller2/correcciones/2022-11-28/test)
==66760== 
==66760== LEAK SUMMARY:
==66760==    definitely lost: 64 bytes in 2 blocks
==66760==    indirectly lost: 64 bytes in 2 blocks
==66760==      possibly lost: 0 bytes in 0 blocks
==66760==    still reachable: 0 bytes in 0 blocks
==66760==         suppressed: 0 bytes in 0 blocks
==66760== 
==66760== For lists of detected and suppressed errors, rerun with: -s
==66760== ERROR SUMMARY: 2 errors from 2 contexts (suppressed: 0 from 0)
